# JRE version: OpenJDK Runtime Environment Temurin-21.0.9+10 (21.0.9+10) (build 21.0.9+10-LTS)
# Java VM: OpenJDK 64-Bit Server VM Temurin-21.0.9+10 (21.0.9+10-LTS, mixed mode, sharing, tiered, compressed oops, compressed class ptrs, parallel gc, windows-amd64)
GC Precious Log:
 CardTable entry size: 512
 CPUs: 12 total, 12 available
 Memory: 16052M
 Large Page Support: Disabled
 NUMA Support: Disabled
 Compressed Oops: Enabled (32-bit)
 Alignments: Space 512K, Generation 512K, Heap 2M
 Heap Min Capacity: 100M
 Heap Initial Capacity: 100M
 Heap Max Capacity: 2G
 Pre-touch: Disabled
 Parallel Workers: 10
Heap:
 PSYoungGen      total 13312K, used 8756K [0x00000000d5580000, 0x00000000d6700000, 0x0000000100000000)
  eden space 8192K, 69% used [0x00000000d5580000,0x00000000d5b156f0,0x00000000d5d80000)
  from space 5120K, 59% used [0x00000000d5d80000,0x00000000d6077c18,0x00000000d6280000)
  to   space 4096K, 0% used [0x00000000d6300000,0x00000000d6300000,0x00000000d6700000)
 ParOldGen       total 121856K, used 121787K [0x0000000080000000, 0x0000000087700000, 0x00000000d5580000)
  object space 121856K, 99% used [0x0000000080000000,0x00000000876eef88,0x0000000087700000)
 Metaspace       used 55750K, committed 57088K, reserved 1114112K
  class space    used 5978K, committed 6528K, reserved 1048576K
GC Heap History (20 events):
Event: 12.562 GC heap before
{Heap before GC invocations=34 (full 2):
 PSYoungGen      total 18432K, used 15156K [0x00000000d5580000, 0x00000000d7180000, 0x0000000100000000)
  eden space 17408K, 81% used [0x00000000d5580000,0x00000000d6350b08,0x00000000d6680000)
  from space 1024K, 98% used [0x00000000d6780000,0x00000000d687c7a0,0x00000000d6880000)
  to   space 5632K, 0% used [0x00000000d6c00000,0x00000000d6c00000,0x00000000d7180000)
 ParOldGen       total 68608K, used 44298K [0x0000000080000000, 0x0000000084300000, 0x00000000d5580000)
  object space 68608K, 64% used [0x0000000080000000,0x0000000082b42910,0x0000000084300000)
 Metaspace       used 54569K, committed 55936K, reserved 1114112K
  class space    used 5887K, committed 6464K, reserved 1048576K
}
Event: 12.567 GC heap after
{Heap after GC invocations=34 (full 2):
 PSYoungGen      total 22016K, used 4518K [0x00000000d5580000, 0x00000000d7080000, 0x0000000100000000)
  eden space 17408K, 0% used [0x00000000d5580000,0x00000000d5580000,0x00000000d6680000)
  from space 4608K, 98% used [0x00000000d6c00000,0x00000000d7069850,0x00000000d7080000)
  to   space 5120K, 0% used [0x00000000d6680000,0x00000000d6680000,0x00000000d6b80000)
 ParOldGen       total 68608K, used 47546K [0x0000000080000000, 0x0000000084300000, 0x00000000d5580000)
  object space 68608K, 69% used [0x0000000080000000,0x0000000082e6e9a8,0x0000000084300000)
 Metaspace       used 54569K, committed 55936K, reserved 1114112K
  class space    used 5887K, committed 6464K, reserved 1048576K
}
Event: 12.708 GC heap before
{Heap before GC invocations=35 (full 2):
 PSYoungGen      total 22016K, used 21926K [0x00000000d5580000, 0x00000000d7080000, 0x0000000100000000)
  eden space 17408K, 100% used [0x00000000d5580000,0x00000000d6680000,0x00000000d6680000)
  from space 4608K, 98% used [0x00000000d6c00000,0x00000000d7069850,0x00000000d7080000)
  to   space 5120K, 0% used [0x00000000d6680000,0x00000000d6680000,0x00000000d6b80000)
 ParOldGen       total 91136K, used 84885K [0x0000000080000000, 0x0000000085900000, 0x00000000d5580000)
  object space 91136K, 93% used [0x0000000080000000,0x00000000852e54f8,0x0000000085900000)
 Metaspace       used 54691K, committed 56064K, reserved 1114112K
  class space    used 5893K, committed 6464K, reserved 1048576K
}
Event: 12.711 GC heap after
{Heap after GC invocations=35 (full 2):
 PSYoungGen      total 21504K, used 3680K [0x00000000d5580000, 0x00000000d6e80000, 0x0000000100000000)
  eden space 17408K, 0% used [0x00000000d5580000,0x00000000d5580000,0x00000000d6680000)
  from space 4096K, 89% used [0x00000000d6680000,0x00000000d6a18000,0x00000000d6a80000)
  to   space 4096K, 0% used [0x00000000d6a80000,0x00000000d6a80000,0x00000000d6e80000)
 ParOldGen       total 91136K, used 85403K [0x0000000080000000, 0x0000000085900000, 0x00000000d5580000)
  object space 91136K, 93% used [0x0000000080000000,0x0000000085366f88,0x0000000085900000)
 Metaspace       used 54691K, committed 56064K, reserved 1114112K
  class space    used 5893K, committed 6464K, reserved 1048576K
}
Event: 12.755 GC heap before
{Heap before GC invocations=36 (full 2):
 PSYoungGen      total 21504K, used 21088K [0x00000000d5580000, 0x00000000d6e80000, 0x0000000100000000)
  eden space 17408K, 100% used [0x00000000d5580000,0x00000000d6680000,0x00000000d6680000)
  from space 4096K, 89% used [0x00000000d6680000,0x00000000d6a18000,0x00000000d6a80000)
  to   space 4096K, 0% used [0x00000000d6a80000,0x00000000d6a80000,0x00000000d6e80000)
 ParOldGen       total 91136K, used 85403K [0x0000000080000000, 0x0000000085900000, 0x00000000d5580000)
  object space 91136K, 93% used [0x0000000080000000,0x0000000085366f88,0x0000000085900000)
 Metaspace       used 54691K, committed 56064K, reserved 1114112K
  class space    used 5893K, committed 6464K, reserved 1048576K
}
Event: 12.780 GC heap after
{Heap after GC invocations=36 (full 2):
 PSYoungGen      total 6656K, used 4096K [0x00000000d5580000, 0x00000000d8b80000, 0x0000000100000000)
  eden space 2560K, 0% used [0x00000000d5580000,0x00000000d5580000,0x00000000d5800000)
  from space 4096K, 100% used [0x00000000d6a80000,0x00000000d6e80000,0x00000000d6e80000)
  to   space 18944K, 0% used [0x00000000d5800000,0x00000000d5800000,0x00000000d6a80000)
 ParOldGen       total 98304K, used 97987K [0x0000000080000000, 0x0000000086000000, 0x00000000d5580000)
  object space 98304K, 99% used [0x0000000080000000,0x0000000085fb0f88,0x0000000086000000)
 Metaspace       used 54691K, committed 56064K, reserved 1114112K
  class space    used 5893K, committed 6464K, reserved 1048576K
}
Event: 12.786 GC heap before
{Heap before GC invocations=37 (full 2):
 PSYoungGen      total 6656K, used 6656K [0x00000000d5580000, 0x00000000d8b80000, 0x0000000100000000)
  eden space 2560K, 100% used [0x00000000d5580000,0x00000000d5800000,0x00000000d5800000)
  from space 4096K, 100% used [0x00000000d6a80000,0x00000000d6e80000,0x00000000d6e80000)
  to   space 18944K, 0% used [0x00000000d5800000,0x00000000d5800000,0x00000000d6a80000)
 ParOldGen       total 98304K, used 97987K [0x0000000080000000, 0x0000000086000000, 0x00000000d5580000)
  object space 98304K, 99% used [0x0000000080000000,0x0000000085fb0f88,0x0000000086000000)
 Metaspace       used 54691K, committed 56064K, reserved 1114112K
  class space    used 5893K, committed 6464K, reserved 1048576K
}
Event: 12.795 GC heap after
{Heap after GC invocations=37 (full 2):
 PSYoungGen      total 4608K, used 2016K [0x00000000d5580000, 0x00000000d6b00000, 0x0000000100000000)
  eden space 2560K, 0% used [0x00000000d5580000,0x00000000d5580000,0x00000000d5800000)
  from space 2048K, 98% used [0x00000000d5800000,0x00000000d59f8000,0x00000000d5a00000)
  to   space 7680K, 0% used [0x00000000d6380000,0x00000000d6380000,0x00000000d6b00000)
 ParOldGen       total 102400K, used 102123K [0x0000000080000000, 0x0000000086400000, 0x00000000d5580000)
  object space 102400K, 99% used [0x0000000080000000,0x00000000863baf88,0x0000000086400000)
 Metaspace       used 54691K, committed 56064K, reserved 1114112K
  class space    used 5893K, committed 6464K, reserved 1048576K
}
Event: 12.801 GC heap before
{Heap before GC invocations=38 (full 2):
 PSYoungGen      total 4608K, used 4576K [0x00000000d5580000, 0x00000000d6b00000, 0x0000000100000000)
  eden space 2560K, 100% used [0x00000000d5580000,0x00000000d5800000,0x00000000d5800000)
  from space 2048K, 98% used [0x00000000d5800000,0x00000000d59f8000,0x00000000d5a00000)
  to   space 7680K, 0% used [0x00000000d6380000,0x00000000d6380000,0x00000000d6b00000)
 ParOldGen       total 102400K, used 102123K [0x0000000080000000, 0x0000000086400000, 0x00000000d5580000)
  object space 102400K, 99% used [0x0000000080000000,0x00000000863baf88,0x0000000086400000)
 Metaspace       used 54691K, committed 56064K, reserved 1114112K
  class space    used 5893K, committed 6464K, reserved 1048576K
}
Event: 12.806 GC heap after
{Heap after GC invocations=38 (full 2):
 PSYoungGen      total 5632K, used 2048K [0x00000000d5580000, 0x00000000d6580000, 0x0000000100000000)
  eden space 3584K, 0% used [0x00000000d5580000,0x00000000d5580000,0x00000000d5900000)
  from space 2048K, 100% used [0x00000000d6380000,0x00000000d6580000,0x00000000d6580000)
  to   space 3072K, 0% used [0x00000000d5f80000,0x00000000d5f80000,0x00000000d6280000)
 ParOldGen       total 104448K, used 104115K [0x0000000080000000, 0x0000000086600000, 0x00000000d5580000)
  object space 104448K, 99% used [0x0000000080000000,0x00000000865acf88,0x0000000086600000)
 Metaspace       used 54691K, committed 56064K, reserved 1114112K
  class space    used 5893K, committed 6464K, reserved 1048576K
}
Event: 12.813 GC heap before
{Heap before GC invocations=39 (full 2):
 PSYoungGen      total 5632K, used 5632K [0x00000000d5580000, 0x00000000d6580000, 0x0000000100000000)
  eden space 3584K, 100% used [0x00000000d5580000,0x00000000d5900000,0x00000000d5900000)
  from space 2048K, 100% used [0x00000000d6380000,0x00000000d6580000,0x00000000d6580000)
  to   space 3072K, 0% used [0x00000000d5f80000,0x00000000d5f80000,0x00000000d6280000)
 ParOldGen       total 104448K, used 104115K [0x0000000080000000, 0x0000000086600000, 0x00000000d5580000)
  object space 104448K, 99% used [0x0000000080000000,0x00000000865acf88,0x0000000086600000)
 Metaspace       used 54691K, committed 56064K, reserved 1114112K
  class space    used 5893K, committed 6464K, reserved 1048576K
}
Event: 12.818 GC heap after
{Heap after GC invocations=39 (full 2):
 PSYoungGen      total 7680K, used 2784K [0x00000000d5580000, 0x00000000d6400000, 0x0000000100000000)
  eden space 4608K, 0% used [0x00000000d5580000,0x00000000d5580000,0x00000000d5a00000)
  from space 3072K, 90% used [0x00000000d5f80000,0x00000000d6238000,0x00000000d6280000)
  to   space 1536K, 0% used [0x00000000d6280000,0x00000000d6280000,0x00000000d6400000)
 ParOldGen       total 106496K, used 106075K [0x0000000080000000, 0x0000000086800000, 0x00000000d5580000)
  object space 106496K, 99% used [0x0000000080000000,0x0000000086796f88,0x0000000086800000)
 Metaspace       used 54691K, committed 56064K, reserved 1114112K
  class space    used 5893K, committed 6464K, reserved 1048576K
}
Event: 12.828 GC heap before
{Heap before GC invocations=40 (full 2):
 PSYoungGen      total 7680K, used 7392K [0x00000000d5580000, 0x00000000d6400000, 0x0000000100000000)
  eden space 4608K, 100% used [0x00000000d5580000,0x00000000d5a00000,0x00000000d5a00000)
  from space 3072K, 90% used [0x00000000d5f80000,0x00000000d6238000,0x00000000d6280000)
  to   space 1536K, 0% used [0x00000000d6280000,0x00000000d6280000,0x00000000d6400000)
 ParOldGen       total 106496K, used 106075K [0x0000000080000000, 0x0000000086800000, 0x00000000d5580000)
  object space 106496K, 99% used [0x0000000080000000,0x0000000086796f88,0x0000000086800000)
 Metaspace       used 54691K, committed 56064K, reserved 1114112K
  class space    used 5893K, committed 6464K, reserved 1048576K
}
Event: 12.837 GC heap after
{Heap after GC invocations=40 (full 2):
 PSYoungGen      total 7680K, used 1536K [0x00000000d5580000, 0x00000000d6980000, 0x0000000100000000)
  eden space 6144K, 0% used [0x00000000d5580000,0x00000000d5580000,0x00000000d5b80000)
  from space 1536K, 100% used [0x00000000d6280000,0x00000000d6400000,0x00000000d6400000)
  to   space 7168K, 0% used [0x00000000d5b80000,0x00000000d5b80000,0x00000000d6280000)
 ParOldGen       total 111104K, used 110843K [0x0000000080000000, 0x0000000086c80000, 0x00000000d5580000)
  object space 111104K, 99% used [0x0000000080000000,0x0000000086c3ef88,0x0000000086c80000)
 Metaspace       used 54691K, committed 56064K, reserved 1114112K
  class space    used 5893K, committed 6464K, reserved 1048576K
}
Event: 12.850 GC heap before
{Heap before GC invocations=41 (full 2):
 PSYoungGen      total 7680K, used 7680K [0x00000000d5580000, 0x00000000d6980000, 0x0000000100000000)
  eden space 6144K, 100% used [0x00000000d5580000,0x00000000d5b80000,0x00000000d5b80000)
  from space 1536K, 100% used [0x00000000d6280000,0x00000000d6400000,0x00000000d6400000)
  to   space 7168K, 0% used [0x00000000d5b80000,0x00000000d5b80000,0x00000000d6280000)
 ParOldGen       total 111104K, used 110843K [0x0000000080000000, 0x0000000086c80000, 0x00000000d5580000)
  object space 111104K, 99% used [0x0000000080000000,0x0000000086c3ef88,0x0000000086c80000)
 Metaspace       used 54691K, committed 56064K, reserved 1114112K
  class space    used 5893K, committed 6464K, reserved 1048576K
}
Event: 12.855 GC heap after
{Heap after GC invocations=41 (full 2):
 PSYoungGen      total 13312K, used 4768K [0x00000000d5580000, 0x00000000d6800000, 0x0000000100000000)
  eden space 6144K, 0% used [0x00000000d5580000,0x00000000d5580000,0x00000000d5b80000)
  from space 7168K, 66% used [0x00000000d5b80000,0x00000000d6028000,0x00000000d6280000)
  to   space 5632K, 0% used [0x00000000d6280000,0x00000000d6280000,0x00000000d6800000)
 ParOldGen       total 112640K, used 112347K [0x0000000080000000, 0x0000000086e00000, 0x00000000d5580000)
  object space 112640K, 99% used [0x0000000080000000,0x0000000086db6f88,0x0000000086e00000)
 Metaspace       used 54691K, committed 56064K, reserved 1114112K
  class space    used 5893K, committed 6464K, reserved 1048576K
}
Event: 12.868 GC heap before
{Heap before GC invocations=42 (full 2):
 PSYoungGen      total 13312K, used 10912K [0x00000000d5580000, 0x00000000d6800000, 0x0000000100000000)
  eden space 6144K, 100% used [0x00000000d5580000,0x00000000d5b80000,0x00000000d5b80000)
  from space 7168K, 66% used [0x00000000d5b80000,0x00000000d6028000,0x00000000d6280000)
  to   space 5632K, 0% used [0x00000000d6280000,0x00000000d6280000,0x00000000d6800000)
 ParOldGen       total 112640K, used 112347K [0x0000000080000000, 0x0000000086e00000, 0x00000000d5580000)
  object space 112640K, 99% used [0x0000000080000000,0x0000000086db6f88,0x0000000086e00000)
 Metaspace       used 54691K, committed 56064K, reserved 1114112K
  class space    used 5893K, committed 6464K, reserved 1048576K
}
Event: 12.879 GC heap after
{Heap after GC invocations=42 (full 2):
 PSYoungGen      total 12800K, used 4768K [0x00000000d5580000, 0x00000000d6780000, 0x0000000100000000)
  eden space 7680K, 0% used [0x00000000d5580000,0x00000000d5580000,0x00000000d5d00000)
  from space 5120K, 93% used [0x00000000d6280000,0x00000000d6728000,0x00000000d6780000)
  to   space 5120K, 0% used [0x00000000d5d80000,0x00000000d5d80000,0x00000000d6280000)
 ParOldGen       total 117248K, used 117083K [0x0000000080000000, 0x0000000087280000, 0x00000000d5580000)
  object space 117248K, 99% used [0x0000000080000000,0x0000000087256f88,0x0000000087280000)
 Metaspace       used 54691K, committed 56064K, reserved 1114112K
  class space    used 5893K, committed 6464K, reserved 1048576K
}
Event: 212.249 GC heap before
{Heap before GC invocations=43 (full 2):
 PSYoungGen      total 12800K, used 12448K [0x00000000d5580000, 0x00000000d6780000, 0x0000000100000000)
  eden space 7680K, 100% used [0x00000000d5580000,0x00000000d5d00000,0x00000000d5d00000)
  from space 5120K, 93% used [0x00000000d6280000,0x00000000d6728000,0x00000000d6780000)
  to   space 5120K, 0% used [0x00000000d5d80000,0x00000000d5d80000,0x00000000d6280000)
 ParOldGen       total 117248K, used 117083K [0x0000000080000000, 0x0000000087280000, 0x00000000d5580000)
  object space 117248K, 99% used [0x0000000080000000,0x0000000087256f88,0x0000000087280000)
 Metaspace       used 55059K, committed 56448K, reserved 1114112K
  class space    used 5918K, committed 6464K, reserved 1048576K
}
Event: 212.263 GC heap after
{Heap after GC invocations=43 (full 2):
 PSYoungGen      total 13312K, used 3039K [0x00000000d5580000, 0x00000000d6700000, 0x0000000100000000)
  eden space 8192K, 0% used [0x00000000d5580000,0x00000000d5580000,0x00000000d5d80000)
  from space 5120K, 59% used [0x00000000d5d80000,0x00000000d6077c18,0x00000000d6280000)
  to   space 4096K, 0% used [0x00000000d6300000,0x00000000d6300000,0x00000000d6700000)
 ParOldGen       total 121856K, used 121787K [0x0000000080000000, 0x0000000087700000, 0x00000000d5580000)
  object space 121856K, 99% used [0x0000000080000000,0x00000000876eef88,0x0000000087700000)
 Metaspace       used 55059K, committed 56448K, reserved 1114112K
  class space    used 5918K, committed 6464K, reserved 1048576K
}

