# JRE version: OpenJDK Runtime Environment Temurin-21.0.9+10 (21.0.9+10) (build 21.0.9+10-LTS)
# Java VM: OpenJDK 64-Bit Server VM Temurin-21.0.9+10 (21.0.9+10-LTS, mixed mode, sharing, tiered, compressed oops, compressed class ptrs, parallel gc, windows-amd64)
GC Precious Log:
 CardTable entry size: 512
 CPUs: 12 total, 12 available
 Memory: 16052M
 Large Page Support: Disabled
 NUMA Support: Disabled
 Compressed Oops: Enabled (32-bit)
 Alignments: Space 512K, Generation 512K, Heap 2M
 Heap Min Capacity: 100M
 Heap Initial Capacity: 100M
 Heap Max Capacity: 2G
 Pre-touch: Disabled
 Parallel Workers: 10
Heap:
 PSYoungGen      total 19968K, used 7117K [0x00000000d5580000, 0x00000000d6e00000, 0x0000000100000000)
  eden space 16384K, 22% used [0x00000000d5580000,0x00000000d591f5d0,0x00000000d6580000)
  from space 3584K, 95% used [0x00000000d6a80000,0x00000000d6dd3f80,0x00000000d6e00000)
  to   space 4096K, 0% used [0x00000000d6600000,0x00000000d6600000,0x00000000d6a00000)
 ParOldGen       total 68608K, used 57292K [0x0000000080000000, 0x0000000084300000, 0x00000000d5580000)
  object space 68608K, 83% used [0x0000000080000000,0x00000000837f3110,0x0000000084300000)
 Metaspace       used 54302K, committed 55552K, reserved 1114112K
  class space    used 5824K, committed 6336K, reserved 1048576K
GC Heap History (20 events):
Event: 24.260 GC heap after
{Heap after GC invocations=30 (full 2):
 PSYoungGen      total 18432K, used 1400K [0x00000000d5580000, 0x00000000d6980000, 0x0000000100000000)
  eden space 16896K, 0% used [0x00000000d5580000,0x00000000d5580000,0x00000000d6600000)
  from space 1536K, 91% used [0x00000000d6800000,0x00000000d695e200,0x00000000d6980000)
  to   space 1536K, 0% used [0x00000000d6680000,0x00000000d6680000,0x00000000d6800000)
 ParOldGen       total 68608K, used 41167K [0x0000000080000000, 0x0000000084300000, 0x00000000d5580000)
  object space 68608K, 60% used [0x0000000080000000,0x0000000082833c38,0x0000000084300000)
 Metaspace       used 47085K, committed 48256K, reserved 1114112K
  class space    used 5129K, committed 5632K, reserved 1048576K
}
Event: 25.437 GC heap before
{Heap before GC invocations=31 (full 2):
 PSYoungGen      total 18432K, used 18296K [0x00000000d5580000, 0x00000000d6980000, 0x0000000100000000)
  eden space 16896K, 100% used [0x00000000d5580000,0x00000000d6600000,0x00000000d6600000)
  from space 1536K, 91% used [0x00000000d6800000,0x00000000d695e200,0x00000000d6980000)
  to   space 1536K, 0% used [0x00000000d6680000,0x00000000d6680000,0x00000000d6800000)
 ParOldGen       total 68608K, used 41167K [0x0000000080000000, 0x0000000084300000, 0x00000000d5580000)
  object space 68608K, 60% used [0x0000000080000000,0x0000000082833c38,0x0000000084300000)
 Metaspace       used 48765K, committed 49920K, reserved 1114112K
  class space    used 5294K, committed 5760K, reserved 1048576K
}
Event: 25.448 GC heap after
{Heap after GC invocations=31 (full 2):
 PSYoungGen      total 18432K, used 1536K [0x00000000d5580000, 0x00000000d7000000, 0x0000000100000000)
  eden space 16896K, 0% used [0x00000000d5580000,0x00000000d5580000,0x00000000d6600000)
  from space 1536K, 100% used [0x00000000d6680000,0x00000000d6800000,0x00000000d6800000)
  to   space 5120K, 0% used [0x00000000d6b00000,0x00000000d6b00000,0x00000000d7000000)
 ParOldGen       total 68608K, used 43776K [0x0000000080000000, 0x0000000084300000, 0x00000000d5580000)
  object space 68608K, 63% used [0x0000000080000000,0x0000000082ac0218,0x0000000084300000)
 Metaspace       used 48765K, committed 49920K, reserved 1114112K
  class space    used 5294K, committed 5760K, reserved 1048576K
}
Event: 26.220 GC heap before
{Heap before GC invocations=32 (full 2):
 PSYoungGen      total 18432K, used 18432K [0x00000000d5580000, 0x00000000d7000000, 0x0000000100000000)
  eden space 16896K, 100% used [0x00000000d5580000,0x00000000d6600000,0x00000000d6600000)
  from space 1536K, 100% used [0x00000000d6680000,0x00000000d6800000,0x00000000d6800000)
  to   space 5120K, 0% used [0x00000000d6b00000,0x00000000d6b00000,0x00000000d7000000)
 ParOldGen       total 68608K, used 43776K [0x0000000080000000, 0x0000000084300000, 0x00000000d5580000)
  object space 68608K, 63% used [0x0000000080000000,0x0000000082ac0218,0x0000000084300000)
 Metaspace       used 49877K, committed 51136K, reserved 1114112K
  class space    used 5430K, committed 5952K, reserved 1048576K
}
Event: 26.227 GC heap after
{Heap after GC invocations=32 (full 2):
 PSYoungGen      total 18944K, used 1563K [0x00000000d5580000, 0x00000000d6d00000, 0x0000000100000000)
  eden space 16896K, 0% used [0x00000000d5580000,0x00000000d5580000,0x00000000d6600000)
  from space 2048K, 76% used [0x00000000d6b00000,0x00000000d6c86fb0,0x00000000d6d00000)
  to   space 2560K, 0% used [0x00000000d6800000,0x00000000d6800000,0x00000000d6a80000)
 ParOldGen       total 68608K, used 45342K [0x0000000080000000, 0x0000000084300000, 0x00000000d5580000)
  object space 68608K, 66% used [0x0000000080000000,0x0000000082c47800,0x0000000084300000)
 Metaspace       used 49877K, committed 51136K, reserved 1114112K
  class space    used 5430K, committed 5952K, reserved 1048576K
}
Event: 26.689 GC heap before
{Heap before GC invocations=33 (full 2):
 PSYoungGen      total 18944K, used 18459K [0x00000000d5580000, 0x00000000d6d00000, 0x0000000100000000)
  eden space 16896K, 100% used [0x00000000d5580000,0x00000000d6600000,0x00000000d6600000)
  from space 2048K, 76% used [0x00000000d6b00000,0x00000000d6c86fb0,0x00000000d6d00000)
  to   space 2560K, 0% used [0x00000000d6800000,0x00000000d6800000,0x00000000d6a80000)
 ParOldGen       total 68608K, used 45342K [0x0000000080000000, 0x0000000084300000, 0x00000000d5580000)
  object space 68608K, 66% used [0x0000000080000000,0x0000000082c47800,0x0000000084300000)
 Metaspace       used 50544K, committed 51648K, reserved 1114112K
  class space    used 5481K, committed 5952K, reserved 1048576K
}
Event: 26.695 GC heap after
{Heap after GC invocations=33 (full 2):
 PSYoungGen      total 18944K, used 1770K [0x00000000d5580000, 0x00000000d6b80000, 0x0000000100000000)
  eden space 16896K, 0% used [0x00000000d5580000,0x00000000d5580000,0x00000000d6600000)
  from space 2048K, 86% used [0x00000000d6800000,0x00000000d69ba938,0x00000000d6a00000)
  to   space 1536K, 0% used [0x00000000d6a00000,0x00000000d6a00000,0x00000000d6b80000)
 ParOldGen       total 68608K, used 46755K [0x0000000080000000, 0x0000000084300000, 0x00000000d5580000)
  object space 68608K, 68% used [0x0000000080000000,0x0000000082da8ed8,0x0000000084300000)
 Metaspace       used 50544K, committed 51648K, reserved 1114112K
  class space    used 5481K, committed 5952K, reserved 1048576K
}
Event: 27.018 GC heap before
{Heap before GC invocations=34 (full 2):
 PSYoungGen      total 18944K, used 18626K [0x00000000d5580000, 0x00000000d6b80000, 0x0000000100000000)
  eden space 16896K, 99% used [0x00000000d5580000,0x00000000d65f61b8,0x00000000d6600000)
  from space 2048K, 86% used [0x00000000d6800000,0x00000000d69ba938,0x00000000d6a00000)
  to   space 1536K, 0% used [0x00000000d6a00000,0x00000000d6a00000,0x00000000d6b80000)
 ParOldGen       total 68608K, used 46755K [0x0000000080000000, 0x0000000084300000, 0x00000000d5580000)
  object space 68608K, 68% used [0x0000000080000000,0x0000000082da8ed8,0x0000000084300000)
 Metaspace       used 51020K, committed 52160K, reserved 1114112K
  class space    used 5540K, committed 6016K, reserved 1048576K
}
Event: 27.024 GC heap after
{Heap after GC invocations=34 (full 2):
 PSYoungGen      total 18432K, used 1506K [0x00000000d5580000, 0x00000000d6e00000, 0x0000000100000000)
  eden space 16896K, 0% used [0x00000000d5580000,0x00000000d5580000,0x00000000d6600000)
  from space 1536K, 98% used [0x00000000d6a00000,0x00000000d6b78830,0x00000000d6b80000)
  to   space 4096K, 0% used [0x00000000d6600000,0x00000000d6600000,0x00000000d6a00000)
 ParOldGen       total 68608K, used 48722K [0x0000000080000000, 0x0000000084300000, 0x00000000d5580000)
  object space 68608K, 71% used [0x0000000080000000,0x0000000082f94810,0x0000000084300000)
 Metaspace       used 51020K, committed 52160K, reserved 1114112K
  class space    used 5540K, committed 6016K, reserved 1048576K
}
Event: 27.374 GC heap before
{Heap before GC invocations=35 (full 2):
 PSYoungGen      total 18432K, used 18402K [0x00000000d5580000, 0x00000000d6e00000, 0x0000000100000000)
  eden space 16896K, 100% used [0x00000000d5580000,0x00000000d6600000,0x00000000d6600000)
  from space 1536K, 98% used [0x00000000d6a00000,0x00000000d6b78830,0x00000000d6b80000)
  to   space 4096K, 0% used [0x00000000d6600000,0x00000000d6600000,0x00000000d6a00000)
 ParOldGen       total 68608K, used 48722K [0x0000000080000000, 0x0000000084300000, 0x00000000d5580000)
  object space 68608K, 71% used [0x0000000080000000,0x0000000082f94810,0x0000000084300000)
 Metaspace       used 51776K, committed 52928K, reserved 1114112K
  class space    used 5578K, committed 6080K, reserved 1048576K
}
Event: 27.379 GC heap after
{Heap after GC invocations=35 (full 2):
 PSYoungGen      total 19968K, used 2570K [0x00000000d5580000, 0x00000000d6c00000, 0x0000000100000000)
  eden space 16896K, 0% used [0x00000000d5580000,0x00000000d5580000,0x00000000d6600000)
  from space 3072K, 83% used [0x00000000d6600000,0x00000000d68829b0,0x00000000d6900000)
  to   space 3072K, 0% used [0x00000000d6900000,0x00000000d6900000,0x00000000d6c00000)
 ParOldGen       total 68608K, used 50151K [0x0000000080000000, 0x0000000084300000, 0x00000000d5580000)
  object space 68608K, 73% used [0x0000000080000000,0x00000000830f9f40,0x0000000084300000)
 Metaspace       used 51776K, committed 52928K, reserved 1114112K
  class space    used 5578K, committed 6080K, reserved 1048576K
}
Event: 27.984 GC heap before
{Heap before GC invocations=36 (full 2):
 PSYoungGen      total 19968K, used 19466K [0x00000000d5580000, 0x00000000d6c00000, 0x0000000100000000)
  eden space 16896K, 100% used [0x00000000d5580000,0x00000000d6600000,0x00000000d6600000)
  from space 3072K, 83% used [0x00000000d6600000,0x00000000d68829b0,0x00000000d6900000)
  to   space 3072K, 0% used [0x00000000d6900000,0x00000000d6900000,0x00000000d6c00000)
 ParOldGen       total 68608K, used 50151K [0x0000000080000000, 0x0000000084300000, 0x00000000d5580000)
  object space 68608K, 73% used [0x0000000080000000,0x00000000830f9f40,0x0000000084300000)
 Metaspace       used 51809K, committed 52992K, reserved 1114112K
  class space    used 5578K, committed 6080K, reserved 1048576K
}
Event: 27.990 GC heap after
{Heap after GC invocations=36 (full 2):
 PSYoungGen      total 18432K, used 1289K [0x00000000d5580000, 0x00000000d6a80000, 0x0000000100000000)
  eden space 16896K, 0% used [0x00000000d5580000,0x00000000d5580000,0x00000000d6600000)
  from space 1536K, 83% used [0x00000000d6900000,0x00000000d6a42798,0x00000000d6a80000)
  to   space 2048K, 0% used [0x00000000d6680000,0x00000000d6680000,0x00000000d6880000)
 ParOldGen       total 68608K, used 51805K [0x0000000080000000, 0x0000000084300000, 0x00000000d5580000)
  object space 68608K, 75% used [0x0000000080000000,0x0000000083297468,0x0000000084300000)
 Metaspace       used 51809K, committed 52992K, reserved 1114112K
  class space    used 5578K, committed 6080K, reserved 1048576K
}
Event: 28.216 GC heap before
{Heap before GC invocations=37 (full 2):
 PSYoungGen      total 18432K, used 18185K [0x00000000d5580000, 0x00000000d6a80000, 0x0000000100000000)
  eden space 16896K, 100% used [0x00000000d5580000,0x00000000d6600000,0x00000000d6600000)
  from space 1536K, 83% used [0x00000000d6900000,0x00000000d6a42798,0x00000000d6a80000)
  to   space 2048K, 0% used [0x00000000d6680000,0x00000000d6680000,0x00000000d6880000)
 ParOldGen       total 68608K, used 51805K [0x0000000080000000, 0x0000000084300000, 0x00000000d5580000)
  object space 68608K, 75% used [0x0000000080000000,0x0000000083297468,0x0000000084300000)
 Metaspace       used 52294K, committed 53504K, reserved 1114112K
  class space    used 5619K, committed 6144K, reserved 1048576K
}
Event: 28.219 GC heap after
{Heap after GC invocations=37 (full 2):
 PSYoungGen      total 17920K, used 912K [0x00000000d5580000, 0x00000000d6980000, 0x0000000100000000)
  eden space 16896K, 0% used [0x00000000d5580000,0x00000000d5580000,0x00000000d6600000)
  from space 1024K, 89% used [0x00000000d6680000,0x00000000d6764280,0x00000000d6780000)
  to   space 1536K, 0% used [0x00000000d6800000,0x00000000d6800000,0x00000000d6980000)
 ParOldGen       total 68608K, used 52119K [0x0000000080000000, 0x0000000084300000, 0x00000000d5580000)
  object space 68608K, 75% used [0x0000000080000000,0x00000000832e5d70,0x0000000084300000)
 Metaspace       used 52294K, committed 53504K, reserved 1114112K
  class space    used 5619K, committed 6144K, reserved 1048576K
}
Event: 29.342 GC heap before
{Heap before GC invocations=38 (full 2):
 PSYoungGen      total 17920K, used 17808K [0x00000000d5580000, 0x00000000d6980000, 0x0000000100000000)
  eden space 16896K, 100% used [0x00000000d5580000,0x00000000d6600000,0x00000000d6600000)
  from space 1024K, 89% used [0x00000000d6680000,0x00000000d6764280,0x00000000d6780000)
  to   space 1536K, 0% used [0x00000000d6800000,0x00000000d6800000,0x00000000d6980000)
 ParOldGen       total 68608K, used 52119K [0x0000000080000000, 0x0000000084300000, 0x00000000d5580000)
  object space 68608K, 75% used [0x0000000080000000,0x00000000832e5d70,0x0000000084300000)
 Metaspace       used 53916K, committed 55168K, reserved 1114112K
  class space    used 5789K, committed 6336K, reserved 1048576K
}
Event: 29.346 GC heap after
{Heap after GC invocations=38 (full 2):
 PSYoungGen      total 17920K, used 1529K [0x00000000d5580000, 0x00000000d6b00000, 0x0000000100000000)
  eden space 16384K, 0% used [0x00000000d5580000,0x00000000d5580000,0x00000000d6580000)
  from space 1536K, 99% used [0x00000000d6800000,0x00000000d697e6e8,0x00000000d6980000)
  to   space 2560K, 0% used [0x00000000d6580000,0x00000000d6580000,0x00000000d6800000)
 ParOldGen       total 68608K, used 52880K [0x0000000080000000, 0x0000000084300000, 0x00000000d5580000)
  object space 68608K, 77% used [0x0000000080000000,0x00000000833a4308,0x0000000084300000)
 Metaspace       used 53916K, committed 55168K, reserved 1114112K
  class space    used 5789K, committed 6336K, reserved 1048576K
}
Event: 29.844 GC heap before
{Heap before GC invocations=39 (full 2):
 PSYoungGen      total 17920K, used 17913K [0x00000000d5580000, 0x00000000d6b00000, 0x0000000100000000)
  eden space 16384K, 100% used [0x00000000d5580000,0x00000000d6580000,0x00000000d6580000)
  from space 1536K, 99% used [0x00000000d6800000,0x00000000d697e6e8,0x00000000d6980000)
  to   space 2560K, 0% used [0x00000000d6580000,0x00000000d6580000,0x00000000d6800000)
 ParOldGen       total 68608K, used 52880K [0x0000000080000000, 0x0000000084300000, 0x00000000d5580000)
  object space 68608K, 77% used [0x0000000080000000,0x00000000833a4308,0x0000000084300000)
 Metaspace       used 54300K, committed 55552K, reserved 1114112K
  class space    used 5824K, committed 6336K, reserved 1048576K
}
Event: 29.852 GC heap after
{Heap after GC invocations=39 (full 2):
 PSYoungGen      total 18944K, used 2552K [0x00000000d5580000, 0x00000000d6f80000, 0x0000000100000000)
  eden space 16384K, 0% used [0x00000000d5580000,0x00000000d5580000,0x00000000d6580000)
  from space 2560K, 99% used [0x00000000d6580000,0x00000000d67fe0b0,0x00000000d6800000)
  to   space 5120K, 0% used [0x00000000d6a80000,0x00000000d6a80000,0x00000000d6f80000)
 ParOldGen       total 68608K, used 54806K [0x0000000080000000, 0x0000000084300000, 0x00000000d5580000)
  object space 68608K, 79% used [0x0000000080000000,0x0000000083585b10,0x0000000084300000)
 Metaspace       used 54300K, committed 55552K, reserved 1114112K
  class space    used 5824K, committed 6336K, reserved 1048576K
}
Event: 30.240 GC heap before
{Heap before GC invocations=40 (full 2):
 PSYoungGen      total 18944K, used 18936K [0x00000000d5580000, 0x00000000d6f80000, 0x0000000100000000)
  eden space 16384K, 100% used [0x00000000d5580000,0x00000000d6580000,0x00000000d6580000)
  from space 2560K, 99% used [0x00000000d6580000,0x00000000d67fe0b0,0x00000000d6800000)
  to   space 5120K, 0% used [0x00000000d6a80000,0x00000000d6a80000,0x00000000d6f80000)
 ParOldGen       total 68608K, used 54806K [0x0000000080000000, 0x0000000084300000, 0x00000000d5580000)
  object space 68608K, 79% used [0x0000000080000000,0x0000000083585b10,0x0000000084300000)
 Metaspace       used 54302K, committed 55552K, reserved 1114112K
  class space    used 5824K, committed 6336K, reserved 1048576K
}

